<?xml version="1.0" encoding="UTF-8"?>
<!-- Generated by org.testng.reporters.JUnitReportReporter -->
<testsuite hostname="Lenovo-PC" failures="0" tests="1" name="driverFactory.DriverScript" time="79.690" errors="0" timestamp="15 Jul 2023 06:38:24 GMT">
  <testcase classname="driverFactory.DriverScript" name="startTest" time="79.690"/>
</testsuite> <!-- driverFactory.DriverScript -->
